2025-11-06 12:53:05,734 INFO    MainThread:1290419 [wandb_setup.py:_flush():80] Current SDK version is 0.21.0
2025-11-06 12:53:05,736 INFO    MainThread:1290419 [wandb_setup.py:_flush():80] Configure stats pid to 1290419
2025-11-06 12:53:05,737 INFO    MainThread:1290419 [wandb_setup.py:_flush():80] Loading settings from /global/homes/s/sferrett/.config/wandb/settings
2025-11-06 12:53:05,737 INFO    MainThread:1290419 [wandb_setup.py:_flush():80] Loading settings from /global/cfs/cdirs/m4334/sferrett/monsoon-sr/src/nn/wandb/settings
2025-11-06 12:53:05,738 INFO    MainThread:1290419 [wandb_setup.py:_flush():80] Loading settings from environment variables
2025-11-06 12:53:05,741 INFO    MainThread:1290419 [wandb_init.py:setup_run_log_directory():703] Logging user logs to /global/cfs/cdirs/m4334/sferrett/monsoon-sr/src/nn/wandb/run-20251106_125305-9cqesda1/logs/debug.log
2025-11-06 12:53:05,743 INFO    MainThread:1290419 [wandb_init.py:setup_run_log_directory():704] Logging internal logs to /global/cfs/cdirs/m4334/sferrett/monsoon-sr/src/nn/wandb/run-20251106_125305-9cqesda1/logs/debug-internal.log
2025-11-06 12:53:05,743 INFO    MainThread:1290419 [wandb_init.py:init():830] calling init triggers
2025-11-06 12:53:05,744 INFO    MainThread:1290419 [wandb_init.py:init():835] wandb.init called with sweep_config: {}
config: {'Epochs': 10, 'Batch size': 2208, 'Initial learning rate': 0.001, 'Early stopping patience': 4, '_wandb': {}}
2025-11-06 12:53:05,746 INFO    MainThread:1290419 [wandb_init.py:init():871] starting backend
2025-11-06 12:53:06,072 INFO    MainThread:1290419 [wandb_init.py:init():874] sending inform_init request
2025-11-06 12:53:06,099 INFO    MainThread:1290419 [wandb_init.py:init():882] backend started and connected
2025-11-06 12:53:06,100 INFO    MainThread:1290419 [wandb_init.py:init():953] updated telemetry
2025-11-06 12:53:06,192 INFO    MainThread:1290419 [wandb_init.py:init():977] communicating run to backend with 90.0 second timeout
2025-11-06 12:54:07,948 INFO    MainThread:1290419 [wandb_init.py:init():1029] starting run threads in backend
2025-11-06 12:54:09,857 INFO    MainThread:1290419 [wandb_run.py:_console_start():2458] atexit reg
2025-11-06 12:54:09,858 INFO    MainThread:1290419 [wandb_run.py:_redirect():2306] redirect: wrap_raw
2025-11-06 12:54:09,858 INFO    MainThread:1290419 [wandb_run.py:_redirect():2375] Wrapping output streams.
2025-11-06 12:54:09,858 INFO    MainThread:1290419 [wandb_run.py:_redirect():2398] Redirects installed.
2025-11-06 12:54:09,885 INFO    MainThread:1290419 [wandb_init.py:init():1075] run started, returning control to user process
2025-11-06 12:58:30,472 INFO    MainThread:1290419 [wandb_run.py:_finish():2224] finishing run savannah-research/ Coarse-Resolution Land Fraction and Loss Function Tests/9cqesda1
2025-11-06 12:58:30,473 INFO    MainThread:1290419 [wandb_run.py:_atexit_cleanup():2423] got exitcode: 0
2025-11-06 12:58:30,476 INFO    MainThread:1290419 [wandb_run.py:_restore():2405] restore
2025-11-06 12:58:30,477 INFO    MainThread:1290419 [wandb_run.py:_restore():2411] restore done
2025-11-06 12:59:47,290 WARNING MsgRouterThr:1290419 [router.py:message_loop():63] [no run ID] message_loop has been closed
Traceback (most recent call last):
  File "/global/homes/s/sferrett/.conda/envs/monsoon-sr/lib/python3.10/site-packages/wandb/sdk/interface/router_sock.py", line 27, in _read_message
    return self._sock_client.read_server_response(timeout=1)
  File "/global/homes/s/sferrett/.conda/envs/monsoon-sr/lib/python3.10/site-packages/wandb/sdk/lib/sock_client.py", line 231, in read_server_response
    data = self._read_packet_bytes(timeout=timeout)
  File "/global/homes/s/sferrett/.conda/envs/monsoon-sr/lib/python3.10/site-packages/wandb/sdk/lib/sock_client.py", line 216, in _read_packet_bytes
    raise SockClientClosedError
wandb.sdk.lib.sock_client.SockClientClosedError

The above exception was the direct cause of the following exception:

Traceback (most recent call last):
  File "/global/homes/s/sferrett/.conda/envs/monsoon-sr/lib/python3.10/site-packages/wandb/sdk/interface/router.py", line 56, in message_loop
    msg = self._read_message()
  File "/global/homes/s/sferrett/.conda/envs/monsoon-sr/lib/python3.10/site-packages/wandb/sdk/interface/router_sock.py", line 29, in _read_message
    raise MessageRouterClosedError from e
wandb.sdk.interface.router.MessageRouterClosedError
2025-11-06 12:59:47,375 INFO    MsgRouterThr:1290419 [mailbox.py:close():129] [no run ID] Closing mailbox, abandoning 4 handles.
2025-11-06 12:59:47,376 INFO    MainThread:1290419 [wandb_run.py:_restore():2405] restore
2025-11-06 12:59:47,377 INFO    MainThread:1290419 [wandb_run.py:_restore():2411] restore done
2025-11-06 12:59:47,377 ERROR   MainThread:1290419 [wandb_run.py:_atexit_cleanup():2444] Problem finishing run
Traceback (most recent call last):
  File "/global/homes/s/sferrett/.conda/envs/monsoon-sr/lib/python3.10/site-packages/wandb/sdk/wandb_run.py", line 2435, in _atexit_cleanup
    self._on_finish()
  File "/global/homes/s/sferrett/.conda/envs/monsoon-sr/lib/python3.10/site-packages/wandb/sdk/wandb_run.py", line 2687, in _on_finish
    wait_with_progress(
  File "/global/homes/s/sferrett/.conda/envs/monsoon-sr/lib/python3.10/site-packages/wandb/sdk/mailbox/wait_with_progress.py", line 24, in wait_with_progress
    return wait_all_with_progress(
  File "/global/homes/s/sferrett/.conda/envs/monsoon-sr/lib/python3.10/site-packages/wandb/sdk/mailbox/wait_with_progress.py", line 87, in wait_all_with_progress
    return asyncio_compat.run(progress_loop_with_timeout)
  File "/global/homes/s/sferrett/.conda/envs/monsoon-sr/lib/python3.10/site-packages/wandb/sdk/lib/asyncio_compat.py", line 30, in run
    return future.result()
  File "/global/homes/s/sferrett/.conda/envs/monsoon-sr/lib/python3.10/concurrent/futures/_base.py", line 458, in result
    return self.__get_result()
  File "/global/homes/s/sferrett/.conda/envs/monsoon-sr/lib/python3.10/concurrent/futures/_base.py", line 403, in __get_result
    raise self._exception
  File "/global/homes/s/sferrett/.conda/envs/monsoon-sr/lib/python3.10/concurrent/futures/thread.py", line 58, in run
    result = self.fn(*self.args, **self.kwargs)
  File "/global/homes/s/sferrett/.conda/envs/monsoon-sr/lib/python3.10/site-packages/wandb/sdk/lib/asyncio_compat.py", line 74, in run
    return asyncio.run(self._run_or_cancel(fn))
  File "/global/homes/s/sferrett/.conda/envs/monsoon-sr/lib/python3.10/asyncio/runners.py", line 44, in run
    return loop.run_until_complete(main)
  File "/global/homes/s/sferrett/.conda/envs/monsoon-sr/lib/python3.10/asyncio/base_events.py", line 649, in run_until_complete
    return future.result()
  File "/global/homes/s/sferrett/.conda/envs/monsoon-sr/lib/python3.10/site-packages/wandb/sdk/lib/asyncio_compat.py", line 98, in _run_or_cancel
    return fn_task.result()
  File "/global/homes/s/sferrett/.conda/envs/monsoon-sr/lib/python3.10/site-packages/wandb/sdk/mailbox/wait_with_progress.py", line 82, in progress_loop_with_timeout
    return await _wait_handles_async(
  File "/global/homes/s/sferrett/.conda/envs/monsoon-sr/lib/python3.10/site-packages/wandb/sdk/mailbox/wait_with_progress.py", line 130, in _wait_handles_async
    async with asyncio_compat.open_task_group() as task_group:
  File "/global/homes/s/sferrett/.conda/envs/monsoon-sr/lib/python3.10/contextlib.py", line 206, in __aexit__
    await anext(self.gen)
  File "/global/homes/s/sferrett/.conda/envs/monsoon-sr/lib/python3.10/site-packages/wandb/sdk/lib/asyncio_compat.py", line 190, in open_task_group
    await task_group._wait_all()
  File "/global/homes/s/sferrett/.conda/envs/monsoon-sr/lib/python3.10/site-packages/wandb/sdk/lib/asyncio_compat.py", line 159, in _wait_all
    raise exc
  File "/global/homes/s/sferrett/.conda/envs/monsoon-sr/lib/python3.10/site-packages/wandb/sdk/mailbox/wait_with_progress.py", line 128, in wait_single
    results[index] = await handle.wait_async(timeout=timeout)
  File "/global/homes/s/sferrett/.conda/envs/monsoon-sr/lib/python3.10/site-packages/wandb/sdk/mailbox/mailbox_handle.py", line 122, in wait_async
    response = await self._handle.wait_async(timeout=timeout)
  File "/global/homes/s/sferrett/.conda/envs/monsoon-sr/lib/python3.10/site-packages/wandb/sdk/mailbox/response_handle.py", line 124, in wait_async
    raise HandleAbandonedError()
wandb.sdk.mailbox.mailbox_handle.HandleAbandonedError
